<?xml version="1.0" encoding="UTF-8"?>
<!-- Generated by org.testng.reporters.JUnitXMLReporter -->
<testsuite ignored="0" hostname="LAPTOP-OP0RTV2C" failures="0" tests="4" name="Test3" time="37.347" errors="0" timestamp="2024-06-23T00:13:18 IST">
  <testcase classname="projectTestCases.CategoriesTC" name="excel" time="2.801"/>
  <testcase classname="projectTestCases.CategoriesTC" name="CategoryAdd" time="19.116"/>
  <testcase classname="projectTestCases.CategoriesTC" name="categoriesSearch" time="6.199"/>
  <testcase classname="projectTestCases.CategoriesTC" name="deletecategoriesDetails" time="4.311"/>
</testsuite> <!-- Test3 -->
