<?xml version="1.0" encoding="UTF-8"?>
<!-- Generated by org.testng.reporters.JUnitXMLReporter -->
<testsuite ignored="0" hostname="LAPTOP-OP0RTV2C" failures="0" tests="3" name="Test4" time="39.149" errors="0" timestamp="2024-06-23T00:13:57 IST">
  <testcase classname="projectTestCases.BrandsTC" name="excel" time="4.038"/>
  <testcase classname="projectTestCases.BrandsTC" name="BrandAdd" time="19.945"/>
  <testcase classname="projectTestCases.BrandsTC" name="brandSearch" time="6.213"/>
</testsuite> <!-- Test4 -->
