<?xml version="1.0" encoding="UTF-8"?>
<testng-results ignored="0" total="6" passed="5" failed="1" skipped="0">
  <reporter-output>
  </reporter-output>
  <suite started-at="2024-06-23T17:25:26 IST" name="Suite" finished-at="2024-06-23T17:26:36 IST" duration-ms="70133">
    <groups>
      <group name="failed">
        <method signature="Login.logInFailed()[pri:2, instance:crossBrowserTC.Login@4afcd809]" name="logInFailed" class="crossBrowserTC.Login"/>
      </group> <!-- failed -->
    </groups>
    <test started-at="2024-06-23T17:25:26 IST" name="Test1" finished-at="2024-06-23T17:25:50 IST" duration-ms="24167">
      <class name="crossBrowserTC.Login">
        <test-method is-config="true" signature="beforeTest()[pri:0, instance:crossBrowserTC.Login@4afcd809]" started-at="2024-06-23T17:25:26 IST" name="beforeTest" finished-at="2024-06-23T17:25:43 IST" duration-ms="17727" status="PASS">
          <reporter-output>
          </reporter-output>
        </test-method> <!-- beforeTest -->
        <test-method signature="Loginexcel()[pri:1, instance:crossBrowserTC.Login@4afcd809]" started-at="2024-06-23T17:25:43 IST" name="Loginexcel" finished-at="2024-06-23T17:25:49 IST" duration-ms="5951" status="PASS">
          <reporter-output>
          </reporter-output>
        </test-method> <!-- Loginexcel -->
        <test-method signature="logInFailed()[pri:2, instance:crossBrowserTC.Login@4afcd809]" started-at="2024-06-23T17:25:49 IST" name="logInFailed" finished-at="2024-06-23T17:25:50 IST" duration-ms="70" status="FAIL">
          <exception class="org.openqa.selenium.NoSuchElementException">
            <message>
              <![CDATA[no such element: Unable to locate element: {"method":"xpath","selector":"//input[@id='username']"}
  (Session info: chrome=126.0.6478.63)
For documentation on this error, please visit: https://www.selenium.dev/documentation/webdriver/troubleshooting/errors#no-such-element-exception
Build info: version: '4.20.0', revision: '866c76ca80'
System info: os.name: 'Windows 11', os.arch: 'amd64', os.version: '10.0', java.version: '17.0.10'
Driver info: org.openqa.selenium.chrome.ChromeDriver
Command: [d7db4c84148f554c19d07ef1ed7ff797, findElement {using=xpath, value=//input[@id='username']}]
Capabilities {acceptInsecureCerts: false, browserName: chrome, browserVersion: 126.0.6478.63, chrome: {chromedriverVersion: 126.0.6478.63 (df799988fdc9..., userDataDir: C:\Users\HP\AppData\Local\T...}, fedcm:accounts: true, goog:chromeOptions: {debuggerAddress: localhost:52903}, networkConnectionEnabled: false, pageLoadStrategy: normal, platformName: windows, proxy: Proxy(), se:cdp: ws://localhost:52903/devtoo..., se:cdpVersion: 126.0.6478.63, setWindowRect: true, strictFileInteractability: false, timeouts: {implicit: 0, pageLoad: 300000, script: 30000}, unhandledPromptBehavior: dismiss and notify, webauthn:extension:credBlob: true, webauthn:extension:largeBlob: true, webauthn:extension:minPinLength: true, webauthn:extension:prf: true, webauthn:virtualAuthenticators: true}
Session ID: d7db4c84148f554c19d07ef1ed7ff797]]>
            </message>
            <full-stacktrace>
              <![CDATA[org.openqa.selenium.NoSuchElementException: no such element: Unable to locate element: {"method":"xpath","selector":"//input[@id='username']"}
  (Session info: chrome=126.0.6478.63)
For documentation on this error, please visit: https://www.selenium.dev/documentation/webdriver/troubleshooting/errors#no-such-element-exception
Build info: version: '4.20.0', revision: '866c76ca80'
System info: os.name: 'Windows 11', os.arch: 'amd64', os.version: '10.0', java.version: '17.0.10'
Driver info: org.openqa.selenium.chrome.ChromeDriver
Command: [d7db4c84148f554c19d07ef1ed7ff797, findElement {using=xpath, value=//input[@id='username']}]
Capabilities {acceptInsecureCerts: false, browserName: chrome, browserVersion: 126.0.6478.63, chrome: {chromedriverVersion: 126.0.6478.63 (df799988fdc9..., userDataDir: C:\Users\HP\AppData\Local\T...}, fedcm:accounts: true, goog:chromeOptions: {debuggerAddress: localhost:52903}, networkConnectionEnabled: false, pageLoadStrategy: normal, platformName: windows, proxy: Proxy(), se:cdp: ws://localhost:52903/devtoo..., se:cdpVersion: 126.0.6478.63, setWindowRect: true, strictFileInteractability: false, timeouts: {implicit: 0, pageLoad: 300000, script: 30000}, unhandledPromptBehavior: dismiss and notify, webauthn:extension:credBlob: true, webauthn:extension:largeBlob: true, webauthn:extension:minPinLength: true, webauthn:extension:prf: true, webauthn:virtualAuthenticators: true}
Session ID: d7db4c84148f554c19d07ef1ed7ff797
at java.base/jdk.internal.reflect.NativeConstructorAccessorImpl.newInstance0(Native Method)
at java.base/jdk.internal.reflect.NativeConstructorAccessorImpl.newInstance(NativeConstructorAccessorImpl.java:77)
at java.base/jdk.internal.reflect.DelegatingConstructorAccessorImpl.newInstance(DelegatingConstructorAccessorImpl.java:45)
at java.base/java.lang.reflect.Constructor.newInstanceWithCaller(Constructor.java:499)
at java.base/java.lang.reflect.Constructor.newInstance(Constructor.java:480)
at org.openqa.selenium.remote.ErrorCodec.decode(ErrorCodec.java:167)
at org.openqa.selenium.remote.codec.w3c.W3CHttpResponseCodec.decode(W3CHttpResponseCodec.java:138)
at org.openqa.selenium.remote.codec.w3c.W3CHttpResponseCodec.decode(W3CHttpResponseCodec.java:50)
at org.openqa.selenium.remote.HttpCommandExecutor.execute(HttpCommandExecutor.java:190)
at org.openqa.selenium.remote.service.DriverCommandExecutor.invokeExecute(DriverCommandExecutor.java:216)
at org.openqa.selenium.remote.service.DriverCommandExecutor.execute(DriverCommandExecutor.java:174)
at org.openqa.selenium.remote.RemoteWebDriver.execute(RemoteWebDriver.java:518)
at org.openqa.selenium.remote.ElementLocation$ElementFinder$2.findElement(ElementLocation.java:165)
at org.openqa.selenium.remote.ElementLocation.findElement(ElementLocation.java:59)
at org.openqa.selenium.remote.RemoteWebDriver.findElement(RemoteWebDriver.java:355)
at org.openqa.selenium.remote.RemoteWebDriver.findElement(RemoteWebDriver.java:349)
at org.openqa.selenium.support.pagefactory.DefaultElementLocator.findElement(DefaultElementLocator.java:68)
at org.openqa.selenium.support.pagefactory.internal.LocatingElementHandler.invoke(LocatingElementHandler.java:38)
at jdk.proxy2/jdk.proxy2.$Proxy18.clear(Unknown Source)
at webDriverUtility.WebDriversActions.sendkeys(WebDriversActions.java:113)
at pomClasses.POMLogin.login(POMLogin.java:47)
at crossBrowserTC.Login.logInFailed(Login.java:84)
at java.base/jdk.internal.reflect.NativeMethodAccessorImpl.invoke0(Native Method)
at java.base/jdk.internal.reflect.NativeMethodAccessorImpl.invoke(NativeMethodAccessorImpl.java:77)
at java.base/jdk.internal.reflect.DelegatingMethodAccessorImpl.invoke(DelegatingMethodAccessorImpl.java:43)
at java.base/java.lang.reflect.Method.invoke(Method.java:568)
at org.testng.internal.invokers.MethodInvocationHelper.invokeMethod(MethodInvocationHelper.java:141)
at org.testng.internal.invokers.TestInvoker.invokeMethod(TestInvoker.java:686)
at org.testng.internal.invokers.TestInvoker.invokeTestMethod(TestInvoker.java:230)
at org.testng.internal.invokers.MethodRunner.runInSequence(MethodRunner.java:63)
at org.testng.internal.invokers.TestInvoker$MethodInvocationAgent.invoke(TestInvoker.java:992)
at org.testng.internal.invokers.TestInvoker.invokeTestMethods(TestInvoker.java:203)
at org.testng.internal.invokers.TestMethodWorker.invokeTestMethods(TestMethodWorker.java:154)
at org.testng.internal.invokers.TestMethodWorker.run(TestMethodWorker.java:134)
at java.base/java.util.ArrayList.forEach(ArrayList.java:1511)
at org.testng.TestRunner.privateRun(TestRunner.java:739)
at org.testng.TestRunner.run(TestRunner.java:614)
at org.testng.SuiteRunner.runTest(SuiteRunner.java:421)
at org.testng.SuiteRunner.runSequentially(SuiteRunner.java:413)
at org.testng.SuiteRunner.privateRun(SuiteRunner.java:373)
at org.testng.SuiteRunner.run(SuiteRunner.java:312)
at org.testng.SuiteRunnerWorker.runSuite(SuiteRunnerWorker.java:52)
at org.testng.SuiteRunnerWorker.run(SuiteRunnerWorker.java:95)
at org.testng.TestNG.runSuitesSequentially(TestNG.java:1274)
at org.testng.TestNG.runSuitesLocally(TestNG.java:1208)
at org.testng.TestNG.runSuites(TestNG.java:1112)
at org.testng.TestNG.run(TestNG.java:1079)
at org.testng.remote.AbstractRemoteTestNG.run(AbstractRemoteTestNG.java:115)
at org.testng.remote.RemoteTestNG.initAndRun(RemoteTestNG.java:293)
at org.testng.remote.RemoteTestNG.main(RemoteTestNG.java:91)
]]>
            </full-stacktrace>
          </exception> <!-- org.openqa.selenium.NoSuchElementException -->
          <reporter-output>
          </reporter-output>
        </test-method> <!-- logInFailed -->
        <test-method is-config="true" signature="afterTest()[pri:0, instance:crossBrowserTC.Login@4afcd809]" started-at="2024-06-23T17:25:50 IST" name="afterTest" finished-at="2024-06-23T17:25:50 IST" duration-ms="313" status="PASS">
          <reporter-output>
          </reporter-output>
        </test-method> <!-- afterTest -->
      </class> <!-- crossBrowserTC.Login -->
    </test> <!-- Test1 -->
    <test started-at="2024-06-23T17:25:50 IST" name="Test2" finished-at="2024-06-23T17:26:36 IST" duration-ms="45894">
      <class name="crossBrowserTC.UnitTC">
        <test-method is-config="true" signature="extendreportgenerate()[pri:0, instance:crossBrowserTC.UnitTC@5e5d171f]" started-at="2024-06-23T17:25:26 IST" name="extendreportgenerate" finished-at="2024-06-23T17:25:26 IST" duration-ms="180" status="PASS">
          <reporter-output>
          </reporter-output>
        </test-method> <!-- extendreportgenerate -->
        <test-method is-config="true" signature="beforeTest(java.lang.String)[pri:0, instance:crossBrowserTC.UnitTC@5e5d171f]" started-at="2024-06-23T17:25:50 IST" name="beforeTest" finished-at="2024-06-23T17:26:07 IST" duration-ms="16825" status="PASS">
          <params>
            <param index="0">
              <value>
                <![CDATA[edge]]>
              </value>
            </param>
          </params>
          <reporter-output>
          </reporter-output>
        </test-method> <!-- beforeTest -->
        <test-method signature="Unitexcel()[pri:1, instance:crossBrowserTC.UnitTC@5e5d171f]" started-at="2024-06-23T17:26:07 IST" name="Unitexcel" finished-at="2024-06-23T17:26:10 IST" duration-ms="3092" status="PASS">
          <reporter-output>
          </reporter-output>
        </test-method> <!-- Unitexcel -->
        <test-method signature="UnitAdd(java.lang.String,java.lang.String)[pri:2, instance:crossBrowserTC.UnitTC@5e5d171f]" started-at="2024-06-23T17:26:10 IST" name="UnitAdd" data-provider="testdata" finished-at="2024-06-23T17:26:24 IST" duration-ms="14320" status="PASS">
          <params>
            <param index="0">
              <value>
                <![CDATA[Unit Demo]]>
              </value>
            </param>
            <param index="1">
              <value>
                <![CDATA[UD1]]>
              </value>
            </param>
          </params>
          <reporter-output>
          </reporter-output>
        </test-method> <!-- UnitAdd -->
        <test-method signature="SearchUnit()[pri:3, instance:crossBrowserTC.UnitTC@5e5d171f]" started-at="2024-06-23T17:26:24 IST" name="SearchUnit" finished-at="2024-06-23T17:26:31 IST" duration-ms="6466" status="PASS">
          <reporter-output>
          </reporter-output>
        </test-method> <!-- SearchUnit -->
        <test-method signature="deleteunit()[pri:4, instance:crossBrowserTC.UnitTC@5e5d171f]" started-at="2024-06-23T17:26:31 IST" name="deleteunit" finished-at="2024-06-23T17:26:35 IST" duration-ms="3845" status="PASS">
          <reporter-output>
          </reporter-output>
        </test-method> <!-- deleteunit -->
        <test-method is-config="true" signature="afterTest()[pri:0, instance:crossBrowserTC.UnitTC@5e5d171f]" started-at="2024-06-23T17:26:35 IST" name="afterTest" finished-at="2024-06-23T17:26:36 IST" duration-ms="1308" status="PASS">
          <reporter-output>
          </reporter-output>
        </test-method> <!-- afterTest -->
        <test-method is-config="true" signature="closereport()[pri:0, instance:crossBrowserTC.UnitTC@5e5d171f]" started-at="2024-06-23T17:26:36 IST" name="closereport" finished-at="2024-06-23T17:26:36 IST" duration-ms="30" status="PASS">
          <reporter-output>
          </reporter-output>
        </test-method> <!-- closereport -->
      </class> <!-- crossBrowserTC.UnitTC -->
    </test> <!-- Test2 -->
  </suite> <!-- Suite -->
</testng-results>
